app/build/intermediates/manifest_merge_blame_file/debug/manifest-merger-blame-debug-report.txt
1<?xml version="1.0" encoding="utf-8"?>
2<manifest xmlns:android="http://schemas.android.com/apk/res/android"
3    package="com.example.notepad"
4    android:versionCode="1"
5    android:versionName="1.0" >
6
7    <uses-sdk
8        android:minSdkVersion="31"
8-->src\main\AndroidManifest.xml
9        android:targetSdkVersion="32" />
9-->src\main\AndroidManifest.xml
10
11    <application
11-->src\main\AndroidManifest.xml:6:2-34:16
12        android:allowBackup="true"
12-->src\main\AndroidManifest.xml:7:3-29
13        android:appComponentFactory="androidx.core.app.CoreComponentFactory"
13-->[androidx.core:core:1.8.0] AndroidManifest.xml:24:18-86
14        android:dataExtractionRules="@xml/data_extraction_rules"
14-->src\main\AndroidManifest.xml:8:3-59
15        android:debuggable="true"
16        android:extractNativeLibs="false"
17        android:fullBackupContent="@xml/backup_rules"
17-->src\main\AndroidManifest.xml:9:3-48
18        android:icon="@mipmap/ic_launcher"
18-->src\main\AndroidManifest.xml:10:3-37
19        android:label="@string/app_name"
19-->src\main\AndroidManifest.xml:11:3-35
20        android:roundIcon="@mipmap/ic_launcher_round"
20-->src\main\AndroidManifest.xml:12:3-48
21        android:supportsRtl="true"
21-->src\main\AndroidManifest.xml:13:3-29
22        android:testOnly="true"
23        android:theme="@style/Theme.Notepad" >
23-->src\main\AndroidManifest.xml:14:3-39
24        <activity
24-->src\main\AndroidManifest.xml:16:3-18:31
25            android:name="com.example.notepad.NoteActivity"
25-->src\main\AndroidManifest.xml:17:4-32
26            android:exported="false" />
26-->src\main\AndroidManifest.xml:18:4-28
27        <activity
27-->src\main\AndroidManifest.xml:19:3-27:14
28            android:name="com.example.notepad.AllNotesRecyclerActivity"
28-->src\main\AndroidManifest.xml:20:4-44
29            android:exported="true" >
29-->src\main\AndroidManifest.xml:21:4-27
30            <intent-filter>
30-->src\main\AndroidManifest.xml:22:4-26:20
31                <action android:name="android.intent.action.MAIN" />
31-->src\main\AndroidManifest.xml:23:5-57
31-->src\main\AndroidManifest.xml:23:13-54
32
33                <category android:name="android.intent.category.LAUNCHER" />
33-->src\main\AndroidManifest.xml:25:5-65
33-->src\main\AndroidManifest.xml:25:15-62
34            </intent-filter>
35        </activity>
36        <activity
36-->src\main\AndroidManifest.xml:28:3-30:40
37            android:name="com.example.notepad.AllNotesListActivity"
37-->src\main\AndroidManifest.xml:29:4-40
38            android:exported="false" />
38-->src\main\AndroidManifest.xml:30:4-28
39        <activity
39-->src\main\AndroidManifest.xml:31:3-33:40
40            android:name="com.example.notepad.MainActivity"
40-->src\main\AndroidManifest.xml:32:4-32
41            android:exported="false" />
41-->src\main\AndroidManifest.xml:33:4-28
42
43        <provider
43-->[androidx.emoji2:emoji2:1.2.0] AndroidManifest.xml:24:9-32:20
44            android:name="androidx.startup.InitializationProvider"
44-->[androidx.emoji2:emoji2:1.2.0] AndroidManifest.xml:25:13-67
45            android:authorities="com.example.notepad.androidx-startup"
45-->[androidx.emoji2:emoji2:1.2.0] AndroidManifest.xml:26:13-68
46            android:exported="false" >
46-->[androidx.emoji2:emoji2:1.2.0] AndroidManifest.xml:27:13-37
47            <meta-data
47-->[androidx.emoji2:emoji2:1.2.0] AndroidManifest.xml:29:13-31:52
48                android:name="androidx.emoji2.text.EmojiCompatInitializer"
48-->[androidx.emoji2:emoji2:1.2.0] AndroidManifest.xml:30:17-75
49                android:value="androidx.startup" />
49-->[androidx.emoji2:emoji2:1.2.0] AndroidManifest.xml:31:17-49
50            <meta-data
50-->[androidx.lifecycle:lifecycle-process:2.4.1] AndroidManifest.xml:31:13-33:52
51                android:name="androidx.lifecycle.ProcessLifecycleInitializer"
51-->[androidx.lifecycle:lifecycle-process:2.4.1] AndroidManifest.xml:32:17-78
52                android:value="androidx.startup" />
52-->[androidx.lifecycle:lifecycle-process:2.4.1] AndroidManifest.xml:33:17-49
53        </provider>
54    </application>
55
56</manifest>